<?xml version="1.0" encoding="UTF-8"?>
<!-- Generated by org.testng.reporters.JUnitXMLReporter -->
<testsuite ignored="0" hostname="DESKTOP-1NA9G7J" failures="0" tests="3" name="Default test" time="149.715" errors="0" timestamp="2023-03-07T14:43:09 IST">
  <testcase classname="TestLayer.RegisterPageClass" name="validateContactInformation" time="7.527"/>
  <testcase classname="TestLayer.RegisterPageClass" name="validateMailingInformation" time="11.571"/>
  <testcase classname="TestLayer.RegisterPageClass" name="validateUsernameInformation" time="5.7"/>
</testsuite> <!-- Default test -->
