<?xml version="1.0" encoding="UTF-8"?>
<testng-results ignored="0" total="3" passed="3" failed="0" skipped="0">
  <reporter-output>
  </reporter-output>
  <suite started-at="2023-03-07T14:40:40 IST" name="Default suite" finished-at="2023-03-07T14:43:09 IST" duration-ms="149715">
    <groups>
    </groups>
    <test started-at="2023-03-07T14:40:40 IST" name="Default test" finished-at="2023-03-07T14:43:09 IST" duration-ms="149715">
      <class name="TestLayer.RegisterPageClass">
        <test-method is-config="true" signature="setUp()[pri:0, instance:TestLayer.RegisterPageClass@3f6b0be5]" started-at="2023-03-07T14:40:40 IST" name="setUp" finished-at="2023-03-07T14:42:43 IST" duration-ms="123102" status="PASS">
          <reporter-output>
          </reporter-output>
        </test-method> <!-- setUp -->
        <test-method signature="validateContactInformation()[pri:1, instance:TestLayer.RegisterPageClass@3f6b0be5]" started-at="2023-03-07T14:42:43 IST" name="validateContactInformation" finished-at="2023-03-07T14:42:50 IST" duration-ms="7527" status="PASS">
          <reporter-output>
          </reporter-output>
        </test-method> <!-- validateContactInformation -->
        <test-method signature="validateMailingInformation()[pri:2, instance:TestLayer.RegisterPageClass@3f6b0be5]" started-at="2023-03-07T14:42:50 IST" name="validateMailingInformation" finished-at="2023-03-07T14:43:02 IST" duration-ms="11571" status="PASS">
          <reporter-output>
          </reporter-output>
        </test-method> <!-- validateMailingInformation -->
        <test-method signature="validateUsernameInformation()[pri:3, instance:TestLayer.RegisterPageClass@3f6b0be5]" started-at="2023-03-07T14:43:02 IST" name="validateUsernameInformation" finished-at="2023-03-07T14:43:08 IST" duration-ms="5700" status="PASS">
          <reporter-output>
          </reporter-output>
        </test-method> <!-- validateUsernameInformation -->
        <test-method is-config="true" signature="tearDown()[pri:0, instance:TestLayer.RegisterPageClass@3f6b0be5]" started-at="2023-03-07T14:43:08 IST" name="tearDown" finished-at="2023-03-07T14:43:09 IST" duration-ms="1685" status="PASS">
          <reporter-output>
          </reporter-output>
        </test-method> <!-- tearDown -->
      </class> <!-- TestLayer.RegisterPageClass -->
    </test> <!-- Default test -->
  </suite> <!-- Default suite -->
</testng-results>
